<?xml version="1.0" encoding="UTF-8"?>
<coverage generated="1690228563688" clover="3.2.0">
  <project timestamp="1690228563688" name="All files">
    <metrics statements="66" coveredstatements="56" conditionals="44" coveredconditionals="30" methods="29" coveredmethods="27" elements="139" coveredelements="113" complexity="0" loc="66" ncloc="66" packages="5" files="10" classes="10"/>
    <package name="src">
      <metrics statements="1" coveredstatements="1" conditionals="2" coveredconditionals="1" methods="0" coveredmethods="0"/>
      <file name="valtechStyles.ts" path="/Users/chrisvolonnino/Desktop/projects/valtech-sd/react-blocks/src/valtechStyles.ts">
        <metrics statements="1" coveredstatements="1" conditionals="2" coveredconditionals="1" methods="0" coveredmethods="0"/>
        <line num="4" count="3" type="cond" truecount="1" falsecount="1"/>
      </file>
    </package>
    <package name="src.components.Button">
      <metrics statements="14" coveredstatements="12" conditionals="10" coveredconditionals="6" methods="9" coveredmethods="9"/>
      <file name="Button.styles.ts" path="/Users/chrisvolonnino/Desktop/projects/valtech-sd/react-blocks/src/components/Button/Button.styles.ts">
        <metrics statements="12" coveredstatements="10" conditionals="7" coveredconditionals="3" methods="8" coveredmethods="8"/>
        <line num="27" count="1" type="cond" truecount="1" falsecount="1"/>
        <line num="40" count="1" type="cond" truecount="1" falsecount="2"/>
        <line num="42" count="0" type="stmt"/>
        <line num="48" count="0" type="stmt"/>
        <line num="54" count="1" type="stmt"/>
        <line num="63" count="1" type="stmt"/>
        <line num="71" count="1" type="stmt"/>
        <line num="72" count="1" type="stmt"/>
        <line num="73" count="1" type="stmt"/>
        <line num="80" count="1" type="stmt"/>
        <line num="81" count="1" type="stmt"/>
        <line num="82" count="1" type="stmt"/>
      </file>
      <file name="Button.tsx" path="/Users/chrisvolonnino/Desktop/projects/valtech-sd/react-blocks/src/components/Button/Button.tsx">
        <metrics statements="2" coveredstatements="2" conditionals="3" coveredconditionals="3" methods="1" coveredmethods="1"/>
        <line num="34" count="1" type="cond" truecount="3" falsecount="0"/>
        <line num="35" count="1" type="stmt"/>
      </file>
    </package>
    <package name="src.components.TextField">
      <metrics statements="29" coveredstatements="23" conditionals="20" coveredconditionals="13" methods="14" coveredmethods="13"/>
      <file name="TextField.styles.ts" path="/Users/chrisvolonnino/Desktop/projects/valtech-sd/react-blocks/src/components/TextField/TextField.styles.ts">
        <metrics statements="21" coveredstatements="19" conditionals="8" coveredconditionals="6" methods="12" coveredmethods="12"/>
        <line num="24" count="2" type="cond" truecount="2" falsecount="0"/>
        <line num="28" count="2" type="cond" truecount="2" falsecount="1"/>
        <line num="30" count="1" type="stmt"/>
        <line num="35" count="1" type="stmt"/>
        <line num="40" count="0" type="stmt"/>
        <line num="48" count="2" type="cond" truecount="2" falsecount="1"/>
        <line num="50" count="1" type="stmt"/>
        <line num="58" count="1" type="stmt"/>
        <line num="66" count="0" type="stmt"/>
        <line num="76" count="1" type="stmt"/>
        <line num="79" count="2" type="stmt"/>
        <line num="81" count="2" type="stmt"/>
        <line num="84" count="1" type="stmt"/>
        <line num="86" count="2" type="stmt"/>
        <line num="88" count="2" type="stmt"/>
        <line num="90" count="2" type="stmt"/>
        <line num="93" count="1" type="stmt"/>
        <line num="94" count="2" type="stmt"/>
        <line num="98" count="2" type="stmt"/>
        <line num="101" count="2" type="stmt"/>
        <line num="103" count="2" type="stmt"/>
      </file>
      <file name="TextField.tsx" path="/Users/chrisvolonnino/Desktop/projects/valtech-sd/react-blocks/src/components/TextField/TextField.tsx">
        <metrics statements="8" coveredstatements="4" conditionals="12" coveredconditionals="7" methods="2" coveredmethods="1"/>
        <line num="54" count="1" type="stmt"/>
        <line num="67" count="2" type="stmt"/>
        <line num="69" count="2" type="stmt"/>
        <line num="70" count="0" type="stmt"/>
        <line num="71" count="0" type="stmt"/>
        <line num="73" count="0" type="cond" truecount="0" falsecount="2"/>
        <line num="74" count="0" type="stmt"/>
        <line num="78" count="2" type="stmt"/>
      </file>
    </package>
    <package name="src.components.Typography">
      <metrics statements="19" coveredstatements="18" conditionals="12" coveredconditionals="10" methods="5" coveredmethods="5"/>
      <file name="Typography.styles.ts" path="/Users/chrisvolonnino/Desktop/projects/valtech-sd/react-blocks/src/components/Typography/Typography.styles.ts">
        <metrics statements="17" coveredstatements="16" conditionals="11" coveredconditionals="10" methods="4" coveredmethods="4"/>
        <line num="13" count="1" type="stmt"/>
        <line num="14" count="10" type="cond" truecount="10" falsecount="1"/>
        <line num="16" count="1" type="stmt"/>
        <line num="21" count="1" type="stmt"/>
        <line num="26" count="1" type="stmt"/>
        <line num="31" count="1" type="stmt"/>
        <line num="36" count="1" type="stmt"/>
        <line num="41" count="1" type="stmt"/>
        <line num="46" count="1" type="stmt"/>
        <line num="51" count="1" type="stmt"/>
        <line num="56" count="1" type="stmt"/>
        <line num="61" count="1" type="stmt"/>
        <line num="67" count="0" type="stmt"/>
        <line num="71" count="1" type="stmt"/>
        <line num="72" count="10" type="stmt"/>
        <line num="73" count="10" type="stmt"/>
        <line num="75" count="10" type="stmt"/>
      </file>
      <file name="Typography.tsx" path="/Users/chrisvolonnino/Desktop/projects/valtech-sd/react-blocks/src/components/Typography/Typography.tsx">
        <metrics statements="2" coveredstatements="2" conditionals="1" coveredconditionals="0" methods="1" coveredmethods="1"/>
        <line num="18" count="1" type="cond" truecount="0" falsecount="1"/>
        <line num="19" count="10" type="stmt"/>
      </file>
    </package>
    <package name="src.themes">
      <metrics statements="3" coveredstatements="2" conditionals="0" coveredconditionals="0" methods="1" coveredmethods="0"/>
      <file name="darkTheme.ts" path="/Users/chrisvolonnino/Desktop/projects/valtech-sd/react-blocks/src/themes/darkTheme.ts">
        <metrics statements="1" coveredstatements="1" conditionals="0" coveredconditionals="0" methods="0" coveredmethods="0"/>
        <line num="3" count="3" type="stmt"/>
      </file>
      <file name="index.ts" path="/Users/chrisvolonnino/Desktop/projects/valtech-sd/react-blocks/src/themes/index.ts">
        <metrics statements="0" coveredstatements="0" conditionals="0" coveredconditionals="0" methods="0" coveredmethods="0"/>
      </file>
      <file name="lightTheme.ts" path="/Users/chrisvolonnino/Desktop/projects/valtech-sd/react-blocks/src/themes/lightTheme.ts">
        <metrics statements="2" coveredstatements="1" conditionals="0" coveredconditionals="0" methods="1" coveredmethods="0"/>
        <line num="1" count="3" type="stmt"/>
        <line num="23" count="0" type="stmt"/>
      </file>
    </package>
  </project>
</coverage>
