<?xml version="1.0" encoding="UTF-8"?>
<coverage generated="1687271391495" clover="3.2.0">
  <project timestamp="1687271391496" name="All files">
    <metrics statements="19" coveredstatements="17" conditionals="11" coveredconditionals="6" methods="9" coveredmethods="9" elements="39" coveredelements="32" complexity="0" loc="19" ncloc="19" packages="3" files="6" classes="6"/>
    <package name="src">
      <metrics statements="1" coveredstatements="1" conditionals="2" coveredconditionals="1" methods="0" coveredmethods="0"/>
      <file name="styled.ts" path="/Users/chrisvolonnino/Desktop/projects/micro-fes/react-blocks/src/styled.ts">
        <metrics statements="1" coveredstatements="1" conditionals="2" coveredconditionals="1" methods="0" coveredmethods="0"/>
        <line num="3" count="1" type="cond" truecount="1" falsecount="1"/>
      </file>
    </package>
    <package name="src.components.Button">
      <metrics statements="16" coveredstatements="14" conditionals="9" coveredconditionals="5" methods="9" coveredmethods="9"/>
      <file name="Button.styles.ts" path="/Users/chrisvolonnino/Desktop/projects/micro-fes/react-blocks/src/components/Button/Button.styles.ts">
        <metrics statements="15" coveredstatements="13" conditionals="9" coveredconditionals="5" methods="8" coveredmethods="8"/>
        <line num="20" count="1" type="cond" truecount="1" falsecount="0"/>
        <line num="21" count="1" type="cond" truecount="1" falsecount="1"/>
        <line num="32" count="1" type="cond" truecount="1" falsecount="0"/>
        <line num="33" count="1" type="cond" truecount="1" falsecount="2"/>
        <line num="35" count="0" type="stmt"/>
        <line num="41" count="0" type="stmt"/>
        <line num="47" count="1" type="stmt"/>
        <line num="55" count="1" type="stmt"/>
        <line num="56" count="1" type="cond" truecount="1" falsecount="1"/>
        <line num="61" count="1" type="stmt"/>
        <line num="62" count="1" type="stmt"/>
        <line num="63" count="1" type="stmt"/>
        <line num="70" count="1" type="stmt"/>
        <line num="71" count="1" type="stmt"/>
        <line num="72" count="1" type="stmt"/>
      </file>
      <file name="Button.tsx" path="/Users/chrisvolonnino/Desktop/projects/micro-fes/react-blocks/src/components/Button/Button.tsx">
        <metrics statements="1" coveredstatements="1" conditionals="0" coveredconditionals="0" methods="1" coveredmethods="1"/>
        <line num="30" count="1" type="stmt"/>
      </file>
    </package>
    <package name="src.themes">
      <metrics statements="2" coveredstatements="2" conditionals="0" coveredconditionals="0" methods="0" coveredmethods="0"/>
      <file name="darkTheme.ts" path="/Users/chrisvolonnino/Desktop/projects/micro-fes/react-blocks/src/themes/darkTheme.ts">
        <metrics statements="1" coveredstatements="1" conditionals="0" coveredconditionals="0" methods="0" coveredmethods="0"/>
        <line num="3" count="1" type="stmt"/>
      </file>
      <file name="index.ts" path="/Users/chrisvolonnino/Desktop/projects/micro-fes/react-blocks/src/themes/index.ts">
        <metrics statements="0" coveredstatements="0" conditionals="0" coveredconditionals="0" methods="0" coveredmethods="0"/>
      </file>
      <file name="lightTheme.ts" path="/Users/chrisvolonnino/Desktop/projects/micro-fes/react-blocks/src/themes/lightTheme.ts">
        <metrics statements="1" coveredstatements="1" conditionals="0" coveredconditionals="0" methods="0" coveredmethods="0"/>
        <line num="1" count="1" type="stmt"/>
      </file>
    </package>
  </project>
</coverage>
