{"/Users/chrisvolonnino/Desktop/projects/micro-fes/react-blocks/src/styled.ts": {"path":"/Users/chrisvolonnino/Desktop/projects/micro-fes/react-blocks/src/styled.ts","statementMap":{"0":{"start":{"line":3,"column":32},"end":{"line":3,"column":86}}},"fnMap":{},"branchMap":{"0":{"loc":{"start":{"line":3,"column":32},"end":{"line":3,"column":86}},"type":"cond-expr","locations":[{"start":{"line":3,"column":63},"end":{"line":3,"column":69}},{"start":{"line":3,"column":72},"end":{"line":3,"column":86}}],"line":3}},"s":{"0":1},"f":{},"b":{"0":[1,0]},"_coverageSchema":"1a1c01bbd47fc00a2c39e90264f33305004495a9","hash":"3136d6625781017a782e7012c200abe44de63c37"}
,"/Users/chrisvolonnino/Desktop/projects/micro-fes/react-blocks/src/components/Button/Button.styles.ts": {"path":"/Users/chrisvolonnino/Desktop/projects/micro-fes/react-blocks/src/components/Button/Button.styles.ts","statementMap":{"0":{"start":{"line":20,"column":25},"end":{"line":30,"column":7}},"1":{"start":{"line":21,"column":2},"end":{"line":30,"column":7}},"2":{"start":{"line":32,"column":22},"end":{"line":53,"column":1}},"3":{"start":{"line":33,"column":2},"end":{"line":52,"column":3}},"4":{"start":{"line":35,"column":6},"end":{"line":38,"column":8}},"5":{"start":{"line":41,"column":6},"end":{"line":44,"column":8}},"6":{"start":{"line":47,"column":6},"end":{"line":50,"column":8}},"7":{"start":{"line":55,"column":33},"end":{"line":59,"column":3}},"8":{"start":{"line":56,"column":2},"end":{"line":59,"column":3}},"9":{"start":{"line":61,"column":21},"end":{"line":73,"column":1}},"10":{"start":{"line":62,"column":32},"end":{"line":62,"column":61}},"11":{"start":{"line":63,"column":32},"end":{"line":63,"column":60}},"12":{"start":{"line":70,"column":15},"end":{"line":70,"column":54}},"13":{"start":{"line":71,"column":15},"end":{"line":71,"column":48}},"14":{"start":{"line":72,"column":15},"end":{"line":72,"column":70}}},"fnMap":{"0":{"name":"(anonymous_0)","decl":{"start":{"line":20,"column":25},"end":{"line":20,"column":26}},"loc":{"start":{"line":21,"column":2},"end":{"line":30,"column":7}},"line":21},"1":{"name":"(anonymous_1)","decl":{"start":{"line":32,"column":22},"end":{"line":32,"column":23}},"loc":{"start":{"line":32,"column":65},"end":{"line":53,"column":1}},"line":32},"2":{"name":"(anonymous_2)","decl":{"start":{"line":55,"column":33},"end":{"line":55,"column":34}},"loc":{"start":{"line":56,"column":2},"end":{"line":59,"column":3}},"line":56},"3":{"name":"(anonymous_3)","decl":{"start":{"line":62,"column":17},"end":{"line":62,"column":18}},"loc":{"start":{"line":62,"column":32},"end":{"line":62,"column":61}},"line":62},"4":{"name":"(anonymous_4)","decl":{"start":{"line":63,"column":17},"end":{"line":63,"column":18}},"loc":{"start":{"line":63,"column":32},"end":{"line":63,"column":60}},"line":63},"5":{"name":"(anonymous_5)","decl":{"start":{"line":70,"column":4},"end":{"line":70,"column":5}},"loc":{"start":{"line":70,"column":15},"end":{"line":70,"column":54}},"line":70},"6":{"name":"(anonymous_6)","decl":{"start":{"line":71,"column":4},"end":{"line":71,"column":5}},"loc":{"start":{"line":71,"column":15},"end":{"line":71,"column":48}},"line":71},"7":{"name":"(anonymous_7)","decl":{"start":{"line":72,"column":4},"end":{"line":72,"column":5}},"loc":{"start":{"line":72,"column":15},"end":{"line":72,"column":70}},"line":72}},"branchMap":{"0":{"loc":{"start":{"line":20,"column":28},"end":{"line":20,"column":43}},"type":"default-arg","locations":[{"start":{"line":20,"column":38},"end":{"line":20,"column":43}}],"line":20},"1":{"loc":{"start":{"line":21,"column":2},"end":{"line":30,"column":7}},"type":"cond-expr","locations":[{"start":{"line":22,"column":6},"end":{"line":25,"column":7}},{"start":{"line":26,"column":6},"end":{"line":30,"column":7}}],"line":21},"2":{"loc":{"start":{"line":32,"column":25},"end":{"line":32,"column":40}},"type":"default-arg","locations":[{"start":{"line":32,"column":32},"end":{"line":32,"column":40}}],"line":32},"3":{"loc":{"start":{"line":33,"column":2},"end":{"line":52,"column":3}},"type":"switch","locations":[{"start":{"line":34,"column":4},"end":{"line":39,"column":5}},{"start":{"line":40,"column":4},"end":{"line":45,"column":5}},{"start":{"line":46,"column":4},"end":{"line":51,"column":5}}],"line":33},"4":{"loc":{"start":{"line":56,"column":2},"end":{"line":59,"column":3}},"type":"binary-expr","locations":[{"start":{"line":56,"column":2},"end":{"line":56,"column":17}},{"start":{"line":57,"column":2},"end":{"line":59,"column":3}}],"line":56}},"s":{"0":1,"1":1,"2":1,"3":1,"4":0,"5":0,"6":1,"7":1,"8":1,"9":1,"10":1,"11":1,"12":1,"13":1,"14":1},"f":{"0":1,"1":1,"2":1,"3":1,"4":1,"5":1,"6":1,"7":1},"b":{"0":[1],"1":[0,1],"2":[1],"3":[0,0,1],"4":[1,0]},"_coverageSchema":"1a1c01bbd47fc00a2c39e90264f33305004495a9","hash":"cfa8829dcd17b1da4f957ca9d76295e8902558c1"}
,"/Users/chrisvolonnino/Desktop/projects/micro-fes/react-blocks/src/components/Button/Button.tsx": {"path":"/Users/chrisvolonnino/Desktop/projects/micro-fes/react-blocks/src/components/Button/Button.tsx","statementMap":{"0":{"start":{"line":30,"column":38},"end":{"line":30,"column":129}},"1":{"start":{"line":30,"column":62},"end":{"line":30,"column":129}}},"fnMap":{"0":{"name":"(anonymous_0)","decl":{"start":{"line":30,"column":38},"end":{"line":30,"column":39}},"loc":{"start":{"line":30,"column":62},"end":{"line":30,"column":129}},"line":30}},"branchMap":{},"s":{"0":1,"1":1},"f":{"0":1},"b":{},"_coverageSchema":"1a1c01bbd47fc00a2c39e90264f33305004495a9","hash":"b2461ef9fd79b7da2a8f5924a4b1fc566768120d"}
,"/Users/chrisvolonnino/Desktop/projects/micro-fes/react-blocks/src/themes/darkTheme.ts": {"path":"/Users/chrisvolonnino/Desktop/projects/micro-fes/react-blocks/src/themes/darkTheme.ts","statementMap":{"0":{"start":{"line":3,"column":18},"end":{"line":15,"column":1}}},"fnMap":{},"branchMap":{},"s":{"0":1},"f":{},"b":{},"_coverageSchema":"1a1c01bbd47fc00a2c39e90264f33305004495a9","hash":"d831e38dcfce5801c92ee475a18b72d4e3bbd54e"}
,"/Users/chrisvolonnino/Desktop/projects/micro-fes/react-blocks/src/themes/index.ts": {"path":"/Users/chrisvolonnino/Desktop/projects/micro-fes/react-blocks/src/themes/index.ts","statementMap":{},"fnMap":{},"branchMap":{},"s":{},"f":{},"b":{},"_coverageSchema":"1a1c01bbd47fc00a2c39e90264f33305004495a9","hash":"4586984d2122a9fe0f76892c528254b6acb1bef9"}
,"/Users/chrisvolonnino/Desktop/projects/micro-fes/react-blocks/src/themes/lightTheme.ts": {"path":"/Users/chrisvolonnino/Desktop/projects/micro-fes/react-blocks/src/themes/lightTheme.ts","statementMap":{"0":{"start":{"line":1,"column":19},"end":{"line":46,"column":1}}},"fnMap":{},"branchMap":{},"s":{"0":1},"f":{},"b":{},"_coverageSchema":"1a1c01bbd47fc00a2c39e90264f33305004495a9","hash":"10b8d3e0bdf66e87af39eb4782bffb11d2492289"}
}
