{"/Users/chrisvolonnino/Desktop/projects/micro-fes/react-blocks/src/valtechStyles.ts": {"path":"/Users/chrisvolonnino/Desktop/projects/micro-fes/react-blocks/src/valtechStyles.ts","statementMap":{"0":{"start":{"line":4,"column":37},"end":{"line":4,"column":91}}},"fnMap":{},"branchMap":{"0":{"loc":{"start":{"line":4,"column":37},"end":{"line":4,"column":91}},"type":"cond-expr","locations":[{"start":{"line":4,"column":68},"end":{"line":4,"column":74}},{"start":{"line":4,"column":77},"end":{"line":4,"column":91}}],"line":4}},"s":{"0":2},"f":{},"b":{"0":[2,0]},"_coverageSchema":"1a1c01bbd47fc00a2c39e90264f33305004495a9","hash":"6e26bb72422e7a556e309978f575202adbc5f28c"}
,"/Users/chrisvolonnino/Desktop/projects/micro-fes/react-blocks/src/components/Button/Button.styles.ts": {"path":"/Users/chrisvolonnino/Desktop/projects/micro-fes/react-blocks/src/components/Button/Button.styles.ts","statementMap":{"0":{"start":{"line":21,"column":2},"end":{"line":30,"column":8}},"1":{"start":{"line":34,"column":2},"end":{"line":53,"column":3}},"2":{"start":{"line":36,"column":6},"end":{"line":39,"column":8}},"3":{"start":{"line":42,"column":6},"end":{"line":45,"column":8}},"4":{"start":{"line":48,"column":6},"end":{"line":51,"column":8}},"5":{"start":{"line":57,"column":2},"end":{"line":62,"column":4}},"6":{"start":{"line":65,"column":21},"end":{"line":77,"column":1}},"7":{"start":{"line":66,"column":32},"end":{"line":66,"column":61}},"8":{"start":{"line":67,"column":32},"end":{"line":67,"column":60}},"9":{"start":{"line":74,"column":15},"end":{"line":74,"column":54}},"10":{"start":{"line":75,"column":15},"end":{"line":75,"column":48}},"11":{"start":{"line":76,"column":15},"end":{"line":76,"column":70}}},"fnMap":{"0":{"name":"getVariantStyles","decl":{"start":{"line":20,"column":9},"end":{"line":20,"column":25}},"loc":{"start":{"line":20,"column":60},"end":{"line":31,"column":1}},"line":20},"1":{"name":"getSizeStyles","decl":{"start":{"line":33,"column":9},"end":{"line":33,"column":22}},"loc":{"start":{"line":33,"column":51},"end":{"line":54,"column":1}},"line":33},"2":{"name":"getBackgroundColorStyles","decl":{"start":{"line":56,"column":9},"end":{"line":56,"column":33}},"loc":{"start":{"line":56,"column":77},"end":{"line":63,"column":1}},"line":56},"3":{"name":"(anonymous_3)","decl":{"start":{"line":66,"column":17},"end":{"line":66,"column":18}},"loc":{"start":{"line":66,"column":32},"end":{"line":66,"column":61}},"line":66},"4":{"name":"(anonymous_4)","decl":{"start":{"line":67,"column":17},"end":{"line":67,"column":18}},"loc":{"start":{"line":67,"column":32},"end":{"line":67,"column":60}},"line":67},"5":{"name":"(anonymous_5)","decl":{"start":{"line":74,"column":4},"end":{"line":74,"column":5}},"loc":{"start":{"line":74,"column":15},"end":{"line":74,"column":54}},"line":74},"6":{"name":"(anonymous_6)","decl":{"start":{"line":75,"column":4},"end":{"line":75,"column":5}},"loc":{"start":{"line":75,"column":15},"end":{"line":75,"column":48}},"line":75},"7":{"name":"(anonymous_7)","decl":{"start":{"line":76,"column":4},"end":{"line":76,"column":5}},"loc":{"start":{"line":76,"column":15},"end":{"line":76,"column":70}},"line":76}},"branchMap":{"0":{"loc":{"start":{"line":21,"column":9},"end":{"line":30,"column":7}},"type":"cond-expr","locations":[{"start":{"line":22,"column":6},"end":{"line":25,"column":7}},{"start":{"line":26,"column":6},"end":{"line":30,"column":7}}],"line":21},"1":{"loc":{"start":{"line":34,"column":2},"end":{"line":53,"column":3}},"type":"switch","locations":[{"start":{"line":35,"column":4},"end":{"line":40,"column":5}},{"start":{"line":41,"column":4},"end":{"line":46,"column":5}},{"start":{"line":47,"column":4},"end":{"line":52,"column":5}}],"line":34},"2":{"loc":{"start":{"line":58,"column":4},"end":{"line":61,"column":5}},"type":"binary-expr","locations":[{"start":{"line":58,"column":4},"end":{"line":58,"column":19}},{"start":{"line":59,"column":4},"end":{"line":61,"column":5}}],"line":58}},"s":{"0":1,"1":1,"2":0,"3":0,"4":1,"5":1,"6":1,"7":1,"8":1,"9":1,"10":1,"11":1},"f":{"0":1,"1":1,"2":1,"3":1,"4":1,"5":1,"6":1,"7":1},"b":{"0":[0,1],"1":[0,0,1],"2":[1,0]},"_coverageSchema":"1a1c01bbd47fc00a2c39e90264f33305004495a9","hash":"84eb8b33dbd02b05e19618fb3002c5c6b3224b07"}
,"/Users/chrisvolonnino/Desktop/projects/micro-fes/react-blocks/src/components/Button/Button.tsx": {"path":"/Users/chrisvolonnino/Desktop/projects/micro-fes/react-blocks/src/components/Button/Button.tsx","statementMap":{"0":{"start":{"line":34,"column":38},"end":{"line":38,"column":1}},"1":{"start":{"line":35,"column":2},"end":{"line":37,"column":17}}},"fnMap":{"0":{"name":"(anonymous_0)","decl":{"start":{"line":34,"column":38},"end":{"line":34,"column":39}},"loc":{"start":{"line":35,"column":2},"end":{"line":37,"column":17}},"line":35}},"branchMap":{"0":{"loc":{"start":{"line":34,"column":41},"end":{"line":34,"column":56}},"type":"default-arg","locations":[{"start":{"line":34,"column":48},"end":{"line":34,"column":56}}],"line":34}},"s":{"0":1,"1":1},"f":{"0":1},"b":{"0":[1]},"_coverageSchema":"1a1c01bbd47fc00a2c39e90264f33305004495a9","hash":"fe29b9f23fdeea8773e5fe602ebae93ff60b3061"}
,"/Users/chrisvolonnino/Desktop/projects/micro-fes/react-blocks/src/components/TextField/TextField.styles.ts": {"path":"/Users/chrisvolonnino/Desktop/projects/micro-fes/react-blocks/src/components/TextField/TextField.styles.ts","statementMap":{"0":{"start":{"line":24,"column":2},"end":{"line":24,"column":38}},"1":{"start":{"line":28,"column":2},"end":{"line":44,"column":3}},"2":{"start":{"line":30,"column":6},"end":{"line":32,"column":8}},"3":{"start":{"line":35,"column":6},"end":{"line":37,"column":8}},"4":{"start":{"line":40,"column":6},"end":{"line":42,"column":8}},"5":{"start":{"line":48,"column":2},"end":{"line":73,"column":3}},"6":{"start":{"line":50,"column":6},"end":{"line":55,"column":8}},"7":{"start":{"line":58,"column":6},"end":{"line":63,"column":8}},"8":{"start":{"line":66,"column":6},"end":{"line":71,"column":8}},"9":{"start":{"line":76,"column":32},"end":{"line":82,"column":1}},"10":{"start":{"line":79,"column":22},"end":{"line":79,"column":43}},"11":{"start":{"line":81,"column":15},"end":{"line":81,"column":44}},"12":{"start":{"line":84,"column":21},"end":{"line":91,"column":1}},"13":{"start":{"line":86,"column":26},"end":{"line":86,"column":43}},"14":{"start":{"line":88,"column":15},"end":{"line":88,"column":36}},"15":{"start":{"line":90,"column":15},"end":{"line":90,"column":33}},"16":{"start":{"line":93,"column":21},"end":{"line":104,"column":1}},"17":{"start":{"line":94,"column":26},"end":{"line":94,"column":43}},"18":{"start":{"line":98,"column":39},"end":{"line":98,"column":59}},"19":{"start":{"line":101,"column":15},"end":{"line":101,"column":36}},"20":{"start":{"line":103,"column":15},"end":{"line":103,"column":33}}},"fnMap":{"0":{"name":"getWidthStyles","decl":{"start":{"line":23,"column":9},"end":{"line":23,"column":23}},"loc":{"start":{"line":23,"column":62},"end":{"line":25,"column":1}},"line":23},"1":{"name":"getLabelStyles","decl":{"start":{"line":27,"column":9},"end":{"line":27,"column":23}},"loc":{"start":{"line":27,"column":53},"end":{"line":45,"column":1}},"line":27},"2":{"name":"getInputStyles","decl":{"start":{"line":47,"column":9},"end":{"line":47,"column":23}},"loc":{"start":{"line":47,"column":53},"end":{"line":74,"column":1}},"line":47},"3":{"name":"(anonymous_3)","decl":{"start":{"line":79,"column":11},"end":{"line":79,"column":12}},"loc":{"start":{"line":79,"column":22},"end":{"line":79,"column":43}},"line":79},"4":{"name":"(anonymous_4)","decl":{"start":{"line":81,"column":4},"end":{"line":81,"column":5}},"loc":{"start":{"line":81,"column":15},"end":{"line":81,"column":44}},"line":81},"5":{"name":"(anonymous_5)","decl":{"start":{"line":86,"column":11},"end":{"line":86,"column":12}},"loc":{"start":{"line":86,"column":26},"end":{"line":86,"column":43}},"line":86},"6":{"name":"(anonymous_6)","decl":{"start":{"line":88,"column":4},"end":{"line":88,"column":5}},"loc":{"start":{"line":88,"column":15},"end":{"line":88,"column":36}},"line":88},"7":{"name":"(anonymous_7)","decl":{"start":{"line":90,"column":4},"end":{"line":90,"column":5}},"loc":{"start":{"line":90,"column":15},"end":{"line":90,"column":33}},"line":90},"8":{"name":"(anonymous_8)","decl":{"start":{"line":94,"column":11},"end":{"line":94,"column":12}},"loc":{"start":{"line":94,"column":26},"end":{"line":94,"column":43}},"line":94},"9":{"name":"(anonymous_9)","decl":{"start":{"line":98,"column":24},"end":{"line":98,"column":25}},"loc":{"start":{"line":98,"column":39},"end":{"line":98,"column":59}},"line":98},"10":{"name":"(anonymous_10)","decl":{"start":{"line":101,"column":4},"end":{"line":101,"column":5}},"loc":{"start":{"line":101,"column":15},"end":{"line":101,"column":36}},"line":101},"11":{"name":"(anonymous_11)","decl":{"start":{"line":103,"column":4},"end":{"line":103,"column":5}},"loc":{"start":{"line":103,"column":15},"end":{"line":103,"column":33}},"line":103}},"branchMap":{"0":{"loc":{"start":{"line":24,"column":9},"end":{"line":24,"column":37}},"type":"cond-expr","locations":[{"start":{"line":24,"column":21},"end":{"line":24,"column":27}},{"start":{"line":24,"column":30},"end":{"line":24,"column":37}}],"line":24},"1":{"loc":{"start":{"line":28,"column":2},"end":{"line":44,"column":3}},"type":"switch","locations":[{"start":{"line":29,"column":4},"end":{"line":33,"column":5}},{"start":{"line":34,"column":4},"end":{"line":38,"column":5}},{"start":{"line":39,"column":4},"end":{"line":43,"column":5}}],"line":28},"2":{"loc":{"start":{"line":48,"column":2},"end":{"line":73,"column":3}},"type":"switch","locations":[{"start":{"line":49,"column":4},"end":{"line":56,"column":5}},{"start":{"line":57,"column":4},"end":{"line":64,"column":5}},{"start":{"line":65,"column":4},"end":{"line":72,"column":5}}],"line":48}},"s":{"0":1,"1":1,"2":0,"3":0,"4":1,"5":1,"6":0,"7":0,"8":1,"9":1,"10":1,"11":1,"12":1,"13":1,"14":1,"15":1,"16":1,"17":1,"18":1,"19":1,"20":1},"f":{"0":1,"1":1,"2":1,"3":1,"4":1,"5":1,"6":1,"7":1,"8":1,"9":1,"10":1,"11":1},"b":{"0":[0,1],"1":[0,0,1],"2":[0,0,1]},"_coverageSchema":"1a1c01bbd47fc00a2c39e90264f33305004495a9","hash":"a0298e7aa96f9844c9deb6652f983a6492836f20"}
,"/Users/chrisvolonnino/Desktop/projects/micro-fes/react-blocks/src/components/TextField/TextField.tsx": {"path":"/Users/chrisvolonnino/Desktop/projects/micro-fes/react-blocks/src/components/TextField/TextField.tsx","statementMap":{"0":{"start":{"line":54,"column":38},"end":{"line":97,"column":1}},"1":{"start":{"line":67,"column":38},"end":{"line":67,"column":58}},"2":{"start":{"line":69,"column":28},"end":{"line":76,"column":3}},"3":{"start":{"line":70,"column":18},"end":{"line":70,"column":36}},"4":{"start":{"line":71,"column":4},"end":{"line":71,"column":25}},"5":{"start":{"line":73,"column":4},"end":{"line":75,"column":5}},"6":{"start":{"line":74,"column":6},"end":{"line":74,"column":22}},"7":{"start":{"line":78,"column":2},"end":{"line":96,"column":4}}},"fnMap":{"0":{"name":"(anonymous_0)","decl":{"start":{"line":54,"column":38},"end":{"line":54,"column":39}},"loc":{"start":{"line":66,"column":6},"end":{"line":97,"column":1}},"line":66},"1":{"name":"(anonymous_1)","decl":{"start":{"line":69,"column":28},"end":{"line":69,"column":29}},"loc":{"start":{"line":69,"column":70},"end":{"line":76,"column":3}},"line":69}},"branchMap":{"0":{"loc":{"start":{"line":57,"column":2},"end":{"line":57,"column":18}},"type":"default-arg","locations":[{"start":{"line":57,"column":13},"end":{"line":57,"column":18}}],"line":57},"1":{"loc":{"start":{"line":60,"column":2},"end":{"line":60,"column":19}},"type":"default-arg","locations":[{"start":{"line":60,"column":14},"end":{"line":60,"column":19}}],"line":60},"2":{"loc":{"start":{"line":61,"column":2},"end":{"line":61,"column":15}},"type":"default-arg","locations":[{"start":{"line":61,"column":9},"end":{"line":61,"column":15}}],"line":61},"3":{"loc":{"start":{"line":62,"column":2},"end":{"line":62,"column":17}},"type":"default-arg","locations":[{"start":{"line":62,"column":9},"end":{"line":62,"column":17}}],"line":62},"4":{"loc":{"start":{"line":73,"column":4},"end":{"line":75,"column":5}},"type":"if","locations":[{"start":{"line":73,"column":4},"end":{"line":75,"column":5}},{"start":{},"end":{}}],"line":73},"5":{"loc":{"start":{"line":80,"column":7},"end":{"line":85,"column":7}},"type":"binary-expr","locations":[{"start":{"line":80,"column":7},"end":{"line":80,"column":12}},{"start":{"line":81,"column":8},"end":{"line":84,"column":16}}],"line":80},"6":{"loc":{"start":{"line":83,"column":11},"end":{"line":83,"column":26}},"type":"binary-expr","locations":[{"start":{"line":83,"column":11},"end":{"line":83,"column":19}},{"start":{"line":83,"column":23},"end":{"line":83,"column":26}}],"line":83},"7":{"loc":{"start":{"line":88,"column":15},"end":{"line":88,"column":34}},"type":"binary-expr","locations":[{"start":{"line":88,"column":15},"end":{"line":88,"column":20}},{"start":{"line":88,"column":24},"end":{"line":88,"column":34}}],"line":88}},"s":{"0":1,"1":1,"2":1,"3":0,"4":0,"5":0,"6":0,"7":1},"f":{"0":1,"1":0},"b":{"0":[1],"1":[1],"2":[1],"3":[1],"4":[0,0],"5":[1,1],"6":[1,0],"7":[1,1]},"_coverageSchema":"1a1c01bbd47fc00a2c39e90264f33305004495a9","hash":"103de1a6978203d77b98677aa6c4c04d98664bf1"}
,"/Users/chrisvolonnino/Desktop/projects/micro-fes/react-blocks/src/themes/darkTheme.ts": {"path":"/Users/chrisvolonnino/Desktop/projects/micro-fes/react-blocks/src/themes/darkTheme.ts","statementMap":{"0":{"start":{"line":3,"column":18},"end":{"line":15,"column":1}}},"fnMap":{},"branchMap":{},"s":{"0":2},"f":{},"b":{},"_coverageSchema":"1a1c01bbd47fc00a2c39e90264f33305004495a9","hash":"d831e38dcfce5801c92ee475a18b72d4e3bbd54e"}
,"/Users/chrisvolonnino/Desktop/projects/micro-fes/react-blocks/src/themes/index.ts": {"path":"/Users/chrisvolonnino/Desktop/projects/micro-fes/react-blocks/src/themes/index.ts","statementMap":{},"fnMap":{},"branchMap":{},"s":{},"f":{},"b":{},"_coverageSchema":"1a1c01bbd47fc00a2c39e90264f33305004495a9","hash":"4586984d2122a9fe0f76892c528254b6acb1bef9"}
,"/Users/chrisvolonnino/Desktop/projects/micro-fes/react-blocks/src/themes/lightTheme.ts": {"path":"/Users/chrisvolonnino/Desktop/projects/micro-fes/react-blocks/src/themes/lightTheme.ts","statementMap":{"0":{"start":{"line":1,"column":19},"end":{"line":48,"column":1}},"1":{"start":{"line":23,"column":35},"end":{"line":23,"column":41}}},"fnMap":{"0":{"name":"(anonymous_0)","decl":{"start":{"line":23,"column":19},"end":{"line":23,"column":20}},"loc":{"start":{"line":23,"column":35},"end":{"line":23,"column":41}},"line":23}},"branchMap":{},"s":{"0":2,"1":0},"f":{"0":0},"b":{},"_coverageSchema":"1a1c01bbd47fc00a2c39e90264f33305004495a9","hash":"be08a9b67c0c3053aaa7f3afa1dd812c2e490120"}
}
