TN:
SF:src/valtechStyles.ts
FNF:0
FNH:0
DA:4,2
LF:1
LH:1
BRDA:4,0,0,2
BRDA:4,0,1,0
BRF:2
BRH:1
end_of_record
TN:
SF:src/components/Button/Button.styles.ts
FN:20,getVariantStyles
FN:33,getSizeStyles
FN:56,getBackgroundColorStyles
FN:66,(anonymous_3)
FN:67,(anonymous_4)
FN:74,(anonymous_5)
FN:75,(anonymous_6)
FN:76,(anonymous_7)
FNF:8
FNH:8
FNDA:1,getVariantStyles
FNDA:1,getSizeStyles
FNDA:1,getBackgroundColorStyles
FNDA:1,(anonymous_3)
FNDA:1,(anonymous_4)
FNDA:1,(anonymous_5)
FNDA:1,(anonymous_6)
FNDA:1,(anonymous_7)
DA:21,1
DA:34,1
DA:36,0
DA:42,0
DA:48,1
DA:57,1
DA:65,1
DA:66,1
DA:67,1
DA:74,1
DA:75,1
DA:76,1
LF:12
LH:10
BRDA:21,0,0,0
BRDA:21,0,1,1
BRDA:34,1,0,0
BRDA:34,1,1,0
BRDA:34,1,2,1
BRDA:58,2,0,1
BRDA:58,2,1,0
BRF:7
BRH:3
end_of_record
TN:
SF:src/components/Button/Button.tsx
FN:34,(anonymous_0)
FNF:1
FNH:1
FNDA:1,(anonymous_0)
DA:34,1
DA:35,1
LF:2
LH:2
BRDA:34,0,0,1
BRF:1
BRH:1
end_of_record
TN:
SF:src/components/TextField/TextField.styles.ts
FN:23,getWidthStyles
FN:27,getLabelStyles
FN:47,getInputStyles
FN:79,(anonymous_3)
FN:81,(anonymous_4)
FN:86,(anonymous_5)
FN:88,(anonymous_6)
FN:90,(anonymous_7)
FN:94,(anonymous_8)
FN:98,(anonymous_9)
FN:101,(anonymous_10)
FN:103,(anonymous_11)
FNF:12
FNH:12
FNDA:1,getWidthStyles
FNDA:1,getLabelStyles
FNDA:1,getInputStyles
FNDA:1,(anonymous_3)
FNDA:1,(anonymous_4)
FNDA:1,(anonymous_5)
FNDA:1,(anonymous_6)
FNDA:1,(anonymous_7)
FNDA:1,(anonymous_8)
FNDA:1,(anonymous_9)
FNDA:1,(anonymous_10)
FNDA:1,(anonymous_11)
DA:24,1
DA:28,1
DA:30,0
DA:35,0
DA:40,1
DA:48,1
DA:50,0
DA:58,0
DA:66,1
DA:76,1
DA:79,1
DA:81,1
DA:84,1
DA:86,1
DA:88,1
DA:90,1
DA:93,1
DA:94,1
DA:98,1
DA:101,1
DA:103,1
LF:21
LH:17
BRDA:24,0,0,0
BRDA:24,0,1,1
BRDA:28,1,0,0
BRDA:28,1,1,0
BRDA:28,1,2,1
BRDA:48,2,0,0
BRDA:48,2,1,0
BRDA:48,2,2,1
BRF:8
BRH:3
end_of_record
TN:
SF:src/components/TextField/TextField.tsx
FN:54,(anonymous_0)
FN:69,(anonymous_1)
FNF:2
FNH:1
FNDA:1,(anonymous_0)
FNDA:0,(anonymous_1)
DA:54,1
DA:67,1
DA:69,1
DA:70,0
DA:71,0
DA:73,0
DA:74,0
DA:78,1
LF:8
LH:4
BRDA:57,0,0,1
BRDA:60,1,0,1
BRDA:61,2,0,1
BRDA:62,3,0,1
BRDA:73,4,0,0
BRDA:73,4,1,0
BRDA:80,5,0,1
BRDA:80,5,1,1
BRDA:83,6,0,1
BRDA:83,6,1,0
BRDA:88,7,0,1
BRDA:88,7,1,1
BRF:12
BRH:9
end_of_record
TN:
SF:src/themes/darkTheme.ts
FNF:0
FNH:0
DA:3,2
LF:1
LH:1
BRF:0
BRH:0
end_of_record
TN:
SF:src/themes/index.ts
FNF:0
FNH:0
LF:0
LH:0
BRF:0
BRH:0
end_of_record
TN:
SF:src/themes/lightTheme.ts
FN:23,(anonymous_0)
FNF:1
FNH:0
FNDA:0,(anonymous_0)
DA:1,2
DA:23,0
LF:2
LH:1
BRF:0
BRH:0
end_of_record
