TN:
SF:src/styled.ts
FNF:0
FNH:0
DA:3,1
LF:1
LH:1
BRDA:3,0,0,1
BRDA:3,0,1,0
BRF:2
BRH:1
end_of_record
TN:
SF:src/components/Button/Button.styles.ts
FN:20,(anonymous_0)
FN:32,(anonymous_1)
FN:55,(anonymous_2)
FN:62,(anonymous_3)
FN:63,(anonymous_4)
FN:70,(anonymous_5)
FN:71,(anonymous_6)
FN:72,(anonymous_7)
FNF:8
FNH:8
FNDA:1,(anonymous_0)
FNDA:1,(anonymous_1)
FNDA:1,(anonymous_2)
FNDA:1,(anonymous_3)
FNDA:1,(anonymous_4)
FNDA:1,(anonymous_5)
FNDA:1,(anonymous_6)
FNDA:1,(anonymous_7)
DA:20,1
DA:21,1
DA:32,1
DA:33,1
DA:35,0
DA:41,0
DA:47,1
DA:55,1
DA:56,1
DA:61,1
DA:62,1
DA:63,1
DA:70,1
DA:71,1
DA:72,1
LF:15
LH:13
BRDA:20,0,0,1
BRDA:21,1,0,0
BRDA:21,1,1,1
BRDA:32,2,0,1
BRDA:33,3,0,0
BRDA:33,3,1,0
BRDA:33,3,2,1
BRDA:56,4,0,1
BRDA:56,4,1,0
BRF:9
BRH:5
end_of_record
TN:
SF:src/components/Button/Button.tsx
FN:30,(anonymous_0)
FNF:1
FNH:1
FNDA:1,(anonymous_0)
DA:30,1
LF:1
LH:1
BRF:0
BRH:0
end_of_record
TN:
SF:src/themes/darkTheme.ts
FNF:0
FNH:0
DA:3,1
LF:1
LH:1
BRF:0
BRH:0
end_of_record
TN:
SF:src/themes/index.ts
FNF:0
FNH:0
LF:0
LH:0
BRF:0
BRH:0
end_of_record
TN:
SF:src/themes/lightTheme.ts
FNF:0
FNH:0
DA:1,1
LF:1
LH:1
BRF:0
BRH:0
end_of_record
